```latex
\section{Related Work}
% Overview of the research landscape
% Key research directions and their relationships
% Evolution of the field
% Connection to the proposed work

\subsection{Variational Autoencoders and Discrete Representation Learning}
% Key papers and their contributions:
% "Neural Discrete Representation Learning" discusses foundational concepts in VQ-VAE.
% Additional work by Edoardo Botta focuses on Gaussian Mixture VAEs, extending ideas of categorical latent variables.
% Technical approaches and methodologies include KL-divergence for optimization and Gumbel-softmax for discrete latent management.
% Current limitations and challenges revolve around optimization and interpretability of the latent space.
% Relevance to the proposed work lies in leveraging VQ-VAEs for effective representation in diffusion models.

\subsection{Latent Diffusion Models}
% Key architectures and innovations:
% "High-Resolution Image Synthesis with Latent Diffusion Models" presents novel architectures combining latent spaces with diffusion processes.
% CompVis' work explores applications of Latent Diffusion for various creative tasks, demonstrating its versatility.
% Remaining challenges involve scaling and reducing artifacts during sampling while maintaining diversity in generations.
% Connection to the proposed work includes utilizing latent representations to enhance synthesis quality.

\subsection{Generative Diffusion Models}
% Recent innovations in diffusion models show emerging trends like text-guided synthesis and integration with neural networks.
% Techniques such as Classifier-Free Guidance have improved performance significantly and reduced computational overhead.
% Future directions include exploring more advanced sampling techniques and integration with retrieval-augmented generation processes.
% The prospective work aims to build upon these advancements to enhance multivariate conditional generation.
```