```latex
\section{Introduction}

% [Research Background]
% - Problem statement
% - Existing methods and their approaches
% The performance of generative models, particularly Vector Quantized Variational AutoEncoders (VQ-VAEs), is often hindered by issues related to gradient propagation through the non-differentiable quantization layer.

% [Research Motivation]
% - Limitations of existing methods
% - Important challenges to address
% - Key research questions
% - Technical opportunities or insights
% Current methodologies face challenges in optimizing gradient flow, leading to issues like codebook collapse and ineffective utilization of quantization layers. This research seeks to explore new techniques that enhance gradient transport while preserving structural fidelity in representations.

% [Methodology Overview]
% - High-level description of proposed approach
% - How it addresses the identified challenges
% - Connection to research motivation
% We propose an Enhanced VQ-VAE architecture that employs a Rotation and Rescaling Transformation, a new gradient propagation method, and robust codebook management strategies. These components collectively aim to improve performance by ensuring effective gradient flow and maintaining diverse codebook usage throughout training.

% [Contributions]
% - Key technical innovations
% - Novel problem formulation
% - Important findings
% - Experimental validation
% This work includes novel enhancements in VQ-VAE frameworks, detailed insights into gradient transport techniques, and empirical results showcasing significant advancements in generative performance.
```