```latex
\section{Vector Quantized Variational AutoEncoders (VQ-VAEs)}
% This section presents the technical methodology of the proposed VQ-VAE framework.
% The framework employs convolutional encoders, a vector quantization mechanism, and decoders 
% to achieve effective image data compression and reconstruction. Key innovations include 
% residual learning, an exponential moving average codebook for stable training, and advanced 
% rotation-rescaling methods for improved gradient propagation.

% Input: Raw images (e.g., from the CIFAR-10 dataset).
% Output: Reconstructed images and quantization metrics.
% Workflow: Raw images $\rightarrow$ Encoder $\rightarrow$ Vector Quantizer $\rightarrow$ Decoder $\rightarrow$ Reconstructed images.

\subsection{Encoder}
The encoder serves as a critical element of the Vector Quantized Variational Autoencoder (VQ-VAE) architecture, transforming input images into compact latent representations conducive to efficient quantization. We utilize a deep Convolutional Neural Network (CNN) framework, comprised of multiple convolutional layers interspersed with residual blocks, to enhance feature extraction while ensuring robust gradient propagation during backpropagation.

The encoder is structured hierarchically. It commences with a series of convolutional operations that progressively downsample the spatial dimensions of the input image, followed by residual blocks focused on refining the learned feature representations. Given an input image of dimensions \((C, H, W)\)—where \(C\) denotes the number of channels, and \(H\) and \(W\) represent the height and width, respectively—the encoder outputs latent representations denoted by dimensions \((D, H', W')\). Here, \(D\) signifies the dimensionality of the latent space, while \(H'\) and \(W'\) are the reduced spatial dimensions post-encoding.

The workflow of the encoder can be outlined as follows:

\begin{align*}
\text{Input:} & \quad \text{Images of size } (C, H, W) \\
\text{Output:} & \quad \text{Latent representations of size } (D, H', W') \\
\text{Workflow:} & \quad \text{Input Images } \rightarrow \text{Convolutional Layers } \rightarrow \text{Residual Stacks } \rightarrow \text{Latent Representations}
\end{align*}

\subsubsection{Residual Block}
The residual blocks within the encoder address challenges associated with training deeper networks, particularly the degradation of gradients. Utilizing skip connections, these blocks promote an effective gradient flow throughout the network, allowing for more efficient learning. Each residual block processes input feature maps of size \((C, H, W)\) through a sequence of convolutional layers, coupled with non-linear activation functions, before adding the original input. This residual addition facilitates the efficient learning of nuanced differences between feature representations.

The transformation within a residual block can be represented mathematically as follows:

\begin{align*}
\text{Input:} & \quad \text{Feature maps of size } (C, H, W) \\
\text{Output:} & \quad \text{Enhanced feature maps of size } (C, H, W) \\
\text{Workflow:} & \quad \text{Input Feature Maps } \rightarrow \text{Convolutional Transformations } \rightarrow \text{Residual Addition } \rightarrow \text{Enhanced Feature Maps}
\end{align*}

\subsubsection{Residual Stack}
The residual stack represents a vital component of the encoder, aggregating multiple residual blocks to enhance the model's ability to extract and refine complex feature representations. This arrangement not only allows the architecture to discern intricate features but also ensures coherent gradient flow, thus mitigating information loss across multiple layers. The effective assembly of the residual stack is essential for training intricate models where structural depth is a significant consideration.

The details of this component can be illustrated as follows:

\begin{align*}
\text{Input:} & \quad \text{Feature maps from the preceding layer of size } (C, H, W) \\
\text{Output:} & \quad \text{Enhanced feature maps following processing through the stack} \\
\text{Workflow:} & \quad \text{Input Feature Maps } \rightarrow \text{Multiple Residual Blocks } \rightarrow \text{Enhanced Feature Maps}
\end{align*}

\subsubsection{Encoder Architecture}
The encoder architecture is precisely designed, integrating numerous convolutional layers alongside residual stacks for comprehensive processing of input images. The encoding sequence is detailed as follows:

\begin{itemize}
    \item \textbf{First Convolutional Layer:} Reduces the input image dimensions to \((H/2, W/2)\) while introducing non-linearity through a ReLU activation function.
    \item \textbf{Second Convolutional Layer:} Further downsamples the spatial dimensions to \((H/4, W/4)\), enabling deeper feature representation extraction.
    \item \textbf{Residual Stack:} Composed of multiple residual blocks, this segment enriches and refines features gleaned from the preceding convolutional layers.
    \item \textbf{Final Projection Layer:} The last convolutional layer maps the concatenated features into the latent space, generating dimensions \((D, H', W')\) as specified by hyperparameters.
\end{itemize}

The structured setup of the encoder guarantees that the resulting latent representations encapsulate the critical information communicated by the input images, thereby facilitating subsequent processing stages and significantly boosting overall model efficacy. Mathematically, the encoder's functionality can be succinctly articulated as:

\[
z_e = \text{Encoder}(x)
\]

where \(x\) represents the input image and \(z_e\) indicates the latent representation produced by the encoder. This sophisticated architecture equips the encoder to proficiently learn and accurately model the complex variations arising from the input data through a systematic and hierarchical feature extraction process.

\subsection{Vector Quantizer}
The Vector Quantizer (VQ) is a fundamental component of the Vector Quantized Variational Autoencoder (VQ-VAE) architecture, enabling the conversion of continuous latent representations generated by the encoder into discrete codes drawn from a learned codebook. This discretization not only enhances the stability and interpretability of the representations but also facilitates effective image reconstruction. By establishing a direct pathway between the encoder’s output and the decoder’s input, the VQ mechanism strengthens the feedback loop essential for optimizing the encoder during training.

To efficiently implement this quantization mechanism, we utilize nearest neighbor search algorithms that significantly reduce the computational complexity of the quantization process. We particularly employ an Exponential Moving Average (EMA) strategy to dynamically update the codebook throughout the training epochs. This approach is imperative for adapting the codebook to the changing distributions of latent features over time, thereby addressing concerns such as codebook collapse, where diversity among code vectors may diminish.

The quantization process is initiated by computing the Euclidean distances between the latent representations output by the encoder and all entries in the codebook. The distance metric is mathematically defined as:

\[
d = \| x \|^2 + \| e \|^2 - 2 x^\top e,
\]

where \( x \) represents the latent vectors and \( e \) denotes the codebook vectors. The indices of the closest codebook entries are determined by identifying the minima of the computed distance, thus realizing the quantization operation.

For optimizing the learning dynamics, we update the codebook entries using the EMA framework, which considers the statistics derived from the current batch of samples alongside their corresponding one-hot encodings that indicate the indices of the nearest codebook entries. This adaptive update process can be formulated as follows:

\[
C_t = \alpha C_{t-1} + (1 - \alpha) N_t,
\]

where \( C_t \) is the current state of the codebook, \( N_t \) represents the statistics gathered from the present batch, and \( \alpha \) is a decay factor that balances the influence of new information against the prior state of the codebook. This EMA approach is crucial to ensure the effective evolution of the codebook throughout the training process, which in turn captures a more nuanced structure of the latent space.

An advanced technique applied to enhance the quantization process is the Rotation and Rescaling Transformation. This method employs Householder reflections to maintain the directional characteristics of the gradients relative to the codebook vectors during backpropagation. The adjustment of gradients is performed through an orthogonal transformation that conserves the angular relationships with respect to the corresponding codebook entries, contributing to greater stability during training and mitigating adverse gradient behaviors typically associated with the non-differentiable nature of the quantization layer.

The VQ ultimately outputs two critical components: the quantized latent representations, which serve as inputs to the decoder, and a range of diagnostic metrics, including commitment loss and codebook utilization statistics. Specifically, the commitment loss plays a vital role in encouraging the alignment between the latent representations and their respective quantized values, thus promoting effective learning over successive training epochs.

In summary, the Vector Quantizer is integral to the VQ-VAE framework, significantly enhancing the model's quantization capabilities and contributing to the overall stability and robustness of the learning process. Through the implementation of advanced EMA updates and refined gradient management techniques, the VQ mechanism improves reconstruction quality and drives substantial operational improvements across various applications.

\subsection{Decoder}
The decoder in the Vector Quantized Variational Autoencoder (VQ-VAE) plays a pivotal role in reconstructing images from the quantized latent representations generated by the vector quantizer. It is architecturally symmetrical to the encoder, designed specifically to transform the lower-dimensional latent features back into the original image dimensions. This reconstruction process is paramount for preserving the quality and fidelity of the output images. The decoder employs a structured sequence of transposed convolutional layers, supported by residual blocks, to enhance feature representation, ensuring that the intricate details and structural complexities of the input images are faithfully retrieved.

The decoding process can be articulated through several key steps: it starts with the input of quantized latent representations, which are processed iteratively through a series of transposed convolutional layers that increase the spatial dimensions. Subsequently, residual blocks are applied to refine these outputs further, ultimately leading to the generation of reconstructed images that match the dimensions of the original inputs. Mathematically, this operation is expressed as follows:

\begin{equation}
\mathbf{x}_{\text{recon}} = \text{Decoder}(\mathbf{z}_{\text{quant}}),
\end{equation}
where $\mathbf{x}_{\text{recon}}$ denotes the reconstructed output image. This formulation highlights the decoder's capability to recover essential details and complex structures required for high-quality image reconstruction.

\subsubsection{Transposed Convolutions}
Transposed convolutions are integral to the decoder, facilitating the transformation of quantized latent representations back to their original spatial dimensions. This operation is crucial for enabling the model to learn essential spatial features that are vital for effective image reconstruction. The decoding process begins with an initial transposed convolution, which expands the dimensions of the latent feature maps. The following layers of transposed convolutions then fine-tune these outputs ensuring they are properly aligned with the target image dimensions.

\textbf{Input:} Quantized latent vectors of size $(D, H', W')$, where $D$ represents the dimensionality of the latent representations, and $(H', W')$ denote the spatial dimensions of the feature maps. \\
\textbf{Output:} Intermediate feature maps of size $(C, H, W)$, where $C$ signifies the number of output channels dedicated to reconstructing the final image. \\
\textbf{Workflow:} Quantized Representations $\rightarrow$ Transposed Convolution Operations $\rightarrow$ Upscaled Feature Maps.

\subsubsection{Residual Stack in Decoder}
In alignment with the encoder, the decoder incorporates a residual stack consisting of multiple residual blocks aimed at enhancing the quality of the feature representations derived during the transposed convolution phase. This architectural strategy effectively mitigates the degradation challenges typically associated with deeper networks. The integration of skip connections within the residual blocks significantly improves gradient flow, thereby augmenting the model's ability to capture complex and non-linear relationships during the reconstruction process.

\textbf{Input:} Feature maps that result from the transposed convolution operations, sized $(C, H, W)$. \\
\textbf{Output:} Refined feature maps of the same size $(C, H, W)$, which are culminated for image representation. \\
\textbf{Workflow:} Input Feature Maps $\rightarrow$ Residual Block Transformations $\rightarrow$ Final Output Feature Maps.

The combined functionality of transposed convolutions and the residual stack equips the VQ-VAE decoder with a robust mechanism to convert discrete, quantized latent representations back into a continuous pixel space. This architecture not only enables high-fidelity reconstructions but also ensures meticulous preservation of subtle details and textures essential for enhancing the overall efficacy of the VQ-VAE framework. Furthermore, significant attention to crucial training parameters—including the codebook size, commitment loss, and advanced techniques such as Exponential Moving Averages (EMA) for codebook updates—contributes collectively to stabilizing the learning process and averting codebook collapse over iterations. This comprehensive approach bolsters both the fidelity and robustness of the outputs generated by the VQ-VAE model.
```