```latex
\section{Proposed Architecture for Enhanced VQ-VAE}

In this section, we present a novel architecture for Vector Quantized Variational Autoencoders (VQ-VAE) that is augmented by a Rotation-Rescaling Transform (RRT) aimed at improving gradient propagation through quantization layers. The architecture encompasses three primary components: an Encoder, a Vector Quantizer, and a Decoder. The cohesive interaction among these components facilitates the transformation of input data into high-fidelity reconstructions.

\[
\text{Input data }\xrightarrow{\text{Encoder}} z_e \xrightarrow{\text{Quantizer}} z_q \xrightarrow{\text{Decoder}} \hat{x}.
\]

\subsection{Encoder for Latent Representation Extraction}

The Encoder is a critical component responsible for converting raw images into compact, robust latent representations suitable for quantization. This process involves the effective extraction of essential features that enhance both performance and operational efficiency of the model, ensuring that the latent representations serve as high-quality inputs to the Vector Quantizer.

\textbf{Input:} Raw images ($x$);  
\textbf{Output:} Latent representations ($z_e$).  

\textbf{Workflow:}  
\[
    x \xrightarrow{\text{Encoder}} z_e.
\]

\subsubsection{Hierarchical CNN Architecture}

The Encoder is structured around a Convolutional Neural Network (CNN) architecture designed to progressively extract hierarchical spatial features. Key components include:

1. **Convolutional Layers**: The initial stages comprise multiple convolutional layers performing successive convolution operations, capturing intricate spatial patterns while downsampling spatial dimensions and enhancing the depth of feature maps. The transformation by the first convolutional layer is expressed as:

   \[
   z_1 = \text{ReLU}(\text{Conv2D}(x)),
   \]

   where \(z_1\) are the feature maps generated by applying the initial convolution to the raw image \(x\). Subsequent layers build on the feature representations of their predecessors.

   \textbf{Input:} Raw images ($x$);  
   \textbf{Output:} Feature maps ($h$).  

   \textbf{Workflow:}  
   \[
   x \xrightarrow{\text{Convolutional Layers}} h.
   \]

2. **Residual Connections**: To enhance representational capacity and mitigate gradient propagation issues in deeper architectures, we incorporate residual connections. The output can be mathematically represented as:

   \[
   z_e = h + F(h),
   \]

   where \(F(h)\) represents the transformations applied by the residual block to the feature maps \(h\).

   \textbf{Input:} Feature maps ($h$);  
   \textbf{Output:} Enhanced latent representations ($z_e$).  

   \textbf{Workflow:}  
   \[
   h \xrightarrow{\text{Residual Stack}} z_e.
   \]

3. **Gumbel-Softmax Sampling**: The Encoder utilizes Gumbel-Softmax sampling to allow efficient gradient propagation during training, optimizing discrete representation generation. This can be expressed as:

   \[
   y = \text{softmax}\left(\frac{\text{logits} + gumbel}{\text{temperature}}\right),
   \]

   where \(gumbel\) is drawn from a Gumbel distribution, enhancing the optimization landscape's smoothness.

Thus, the Encoder effectively captures essential latent characteristics, providing a robust foundation for subsequent quantization.

Leveraging findings from prior research \citep{NeuralDiscreteRepresentationLearning}, the Encoder integrates hierarchical CNNs, residual connections, and Gumbel-Softmax sampling to ensure efficient training and high-fidelity reconstructions.

\subsection{Vector Quantization Layer with Adaptive Embeddings}

The Vector Quantizer (VQ) plays a pivotal role in the proposed architecture, discretizing continuous latent representations into distinct embeddings to operate efficiently with finite embedding sets. 

\subsubsection{Forward Transformation and Loss Calculation}

During the forward pass, the Vector Quantizer processes latent representations \( z_e \) from the Encoder to yield quantized outputs \( z_q \) while also computing the quantization loss \( \text{vq\_loss} \):

\begin{equation}
z_e \xrightarrow{\text{Quantizer}} z_q, \quad \text{vq\_loss} = \text{commitment loss} + \text{codebook loss}.
\end{equation}

This loss is essential for stabilizing training dynamics. Additionally, various statistics (\( \text{stats} \)) such as perplexity and cluster utilization are computed, offering insights into training performance.

\subsubsection{Adaptive Codebook Updates}

The adaptive update of embeddings is achieved through Exponential Moving Average (EMA) techniques:

\begin{equation}
\text{Updated Embeddings} \leftarrow \text{EMA}(z_e, \text{encoding indices}).
\end{equation}

This mechanism emphasizes frequently activated embeddings to enhance representation quality while mitigating the influence of less utilized embeddings.

\subsubsection{Gradient Transport Utilizing RRT}

To counteract the non-differentiability of quantization, we incorporate the Rotation-Rescaling Transform (RRT) to facilitate effective gradient transport:

\begin{equation}
z_q \xrightarrow{\text{RRT}} \text{Transformed Gradients}.
\end{equation}

RRT employs Householder reflections to maintain angular relationships during gradient backpropagation, thus improving training stability.

In summary, the Vector Quantizer optimizes the discretization process, training dynamics, and gradient transport, enhancing the overall effectiveness of the generative model.

\subsection{Decoder for Image Reconstruction}

The Decoder is crucial for generating high-fidelity images from the quantized latent representations ($z_q$) produced by the Vector Quantizer.

\subsubsection{Image Reconstruction Workflow}

The Decoder primarily consists of transposed convolutional layers that specialize in upscaling the spatial dimensions of quantized representations while refining feature maps.

\paragraph{Decoder Processing}
\begin{align*}
\text{Input:} & \quad \text{Quantized representations } (z_q) \\
\text{Output:} & \quad \text{Intermediate feature maps } (\hat{h}) \\
\text{Processing:} & \quad z_q \xrightarrow{\text{Transposed Convolutional Layers}} \hat{h}
\end{align*}

The Decoder enhances gradient propagation through integration of residual connections, which allow gradients to bypass specific layers, thereby addressing the vanishing gradient problem within deep networks.

\subsubsection{Final Output Layer for Image Synthesis}

The final segment of the Decoder synthesizes the intermediate feature maps into reconstructed images, ensuring fidelity to the original content.

\paragraph{Output Layer Processing}
\begin{align*}
\text{Input:} & \quad \text{Intermediate feature maps } (\hat{h}) \\
\text{Output:} & \quad \text{Final reconstructed images } (\hat{x}) \\
\text{Processing:} & \quad \hat{h} \xrightarrow{\text{Output Layer}} \hat{x}
\end{align*}

A sigmoid activation function normalizes pixel values to the [0, 1] range, preserving RGB format for high-quality outputs. The systematic architecture and inclusion of RRT further optimize gradient flow across layers.

In conclusion, the Decoder not only fosters high-quality image reconstruction but also implements advanced techniques to optimize learning, yielding superior performance within the generative framework.
```